<?xml version="1.0" encoding="UTF-8"?>
<!-- Generated by org.testng.reporters.JUnitReportReporter -->
<testsuite hostname="Adar" failures="0" tests="1" name="Test.Homepage" time="26.509" errors="0" timestamp="2020-04-14T15:28:47 BST" skipped="0">
  <testcase classname="Test.Homepage" name="HomepageTest1" time="26.509"/>
  <system-out/>
</testsuite> <!-- Test.Homepage -->
